<?xml version="1.0" encoding="UTF-8"?>
<coverage generated="1531550710889" clover="3.2.0">
  <project timestamp="1531550710889" name="All files">
    <metrics statements="385" coveredstatements="385" conditionals="239" coveredconditionals="201" methods="23" coveredmethods="23" elements="647" coveredelements="609" complexity="0" loc="385" ncloc="385" packages="6" files="11" classes="11">
      <package name="src">
        <metrics statements="7" coveredstatements="7" conditionals="2" coveredconditionals="1" methods="1" coveredmethods="1"/>
        <file name="index.ts" path="C:\Users\short\Documents\work\bytesize\leverage\src\index.ts">
          <metrics statements="7" coveredstatements="7" conditionals="2" coveredconditionals="1" methods="1" coveredmethods="1"/>
          <line num="3" count="10" type="cond" truecount="1" falsecount="1"/>
          <line num="5" count="2" type="stmt"/>
          <line num="6" count="2" type="stmt"/>
          <line num="7" count="2" type="stmt"/>
          <line num="8" count="2" type="stmt"/>
          <line num="9" count="2" type="stmt"/>
          <line num="10" count="2" type="stmt"/>
        </file>
      </package>
      <package name="src.component">
        <metrics statements="24" coveredstatements="24" conditionals="14" coveredconditionals="13" methods="3" coveredmethods="3"/>
        <file name="component.ts" path="C:\Users\short\Documents\work\bytesize\leverage\src\component\component.ts">
          <metrics statements="21" coveredstatements="21" conditionals="12" coveredconditionals="12" methods="2" coveredmethods="2"/>
          <line num="2" count="4" type="stmt"/>
          <line num="8" count="11" type="cond" truecount="2" falsecount="0"/>
          <line num="10" count="1" type="stmt"/>
          <line num="14" count="1" type="stmt"/>
          <line num="19" count="10" type="cond" truecount="2" falsecount="0"/>
          <line num="20" count="1" type="stmt"/>
          <line num="21" count="1" type="stmt"/>
          <line num="25" count="1" type="stmt"/>
          <line num="30" count="9" type="cond" truecount="2" falsecount="0"/>
          <line num="31" count="3" type="stmt"/>
          <line num="33" count="6" type="cond" truecount="2" falsecount="0"/>
          <line num="34" count="1" type="stmt"/>
          <line num="36" count="5" type="cond" truecount="4" falsecount="0"/>
          <line num="37" count="2" type="stmt"/>
          <line num="44" count="3" type="stmt"/>
          <line num="52" count="2" type="stmt"/>
          <line num="53" count="2" type="stmt"/>
          <line num="57" count="2" type="stmt"/>
          <line num="58" count="2" type="stmt"/>
          <line num="60" count="3" type="stmt"/>
          <line num="62" count="4" type="stmt"/>
        </file>
        <file name="index.ts" path="C:\Users\short\Documents\work\bytesize\leverage\src\component\index.ts">
          <metrics statements="3" coveredstatements="3" conditionals="2" coveredconditionals="1" methods="1" coveredmethods="1"/>
          <line num="3" count="3" type="cond" truecount="1" falsecount="1"/>
          <line num="5" count="3" type="stmt"/>
          <line num="6" count="3" type="stmt"/>
        </file>
      </package>
      <package name="src.manager">
        <metrics statements="282" coveredstatements="282" conditionals="183" coveredconditionals="150" methods="10" coveredmethods="10"/>
        <file name="index.ts" path="C:\Users\short\Documents\work\bytesize\leverage\src\manager\index.ts">
          <metrics statements="3" coveredstatements="3" conditionals="2" coveredconditionals="1" methods="1" coveredmethods="1"/>
          <line num="3" count="3" type="cond" truecount="1" falsecount="1"/>
          <line num="5" count="3" type="stmt"/>
          <line num="6" count="3" type="stmt"/>
        </file>
        <file name="manager.ts" path="C:\Users\short\Documents\work\bytesize\leverage\src\manager\manager.ts">
          <metrics statements="279" coveredstatements="279" conditionals="181" coveredconditionals="149" methods="9" coveredmethods="9"/>
          <line num="2" count="3" type="stmt"/>
          <line num="3" count="3" type="stmt"/>
          <line num="5" count="29" type="stmt"/>
          <line num="12" count="29" type="stmt"/>
          <line num="19" count="29" type="stmt"/>
          <line num="26" count="29" type="stmt"/>
          <line num="34" count="3" type="stmt"/>
          <line num="35" count="36" type="stmt"/>
          <line num="36" count="36" type="stmt"/>
          <line num="37" count="36" type="stmt"/>
          <line num="39" count="36" type="stmt"/>
          <line num="40" count="36" type="stmt"/>
          <line num="44" count="36" type="cond" truecount="4" falsecount="0"/>
          <line num="45" count="2" type="stmt"/>
          <line num="50" count="34" type="stmt"/>
          <line num="54" count="34" type="cond" truecount="2" falsecount="0"/>
          <line num="55" count="2" type="stmt"/>
          <line num="60" count="32" type="cond" truecount="2" falsecount="0"/>
          <line num="62" count="4" type="stmt"/>
          <line num="64" count="28" type="cond" truecount="2" falsecount="0"/>
          <line num="66" count="2" type="stmt"/>
          <line num="71" count="26" type="cond" truecount="4" falsecount="0"/>
          <line num="72" count="7" type="stmt"/>
          <line num="75" count="19" type="stmt"/>
          <line num="80" count="26" type="cond" truecount="5" falsecount="0"/>
          <line num="82" count="10" type="stmt"/>
          <line num="83" count="8" type="stmt"/>
          <line num="85" count="8" type="stmt"/>
          <line num="86" count="8" type="stmt"/>
          <line num="88" count="5" type="stmt"/>
          <line num="89" count="5" type="stmt"/>
          <line num="91" count="2" type="stmt"/>
          <line num="92" count="2" type="stmt"/>
          <line num="95" count="1" type="stmt"/>
          <line num="100" count="3" type="stmt"/>
          <line num="104" count="12" type="cond" truecount="2" falsecount="0"/>
          <line num="105" count="1" type="stmt"/>
          <line num="107" count="11" type="cond" truecount="4" falsecount="0"/>
          <line num="109" count="2" type="stmt"/>
          <line num="111" count="9" type="stmt"/>
          <line num="112" count="9" type="stmt"/>
          <line num="116" count="9" type="stmt"/>
          <line num="117" count="10" type="stmt"/>
          <line num="118" count="10" type="cond" truecount="2" falsecount="0"/>
          <line num="122" count="4" type="cond" truecount="1" falsecount="1"/>
          <line num="123" count="4" type="stmt"/>
          <line num="128" count="4" type="cond" truecount="1" falsecount="1"/>
          <line num="129" count="4" type="stmt"/>
          <line num="131" count="4" type="stmt"/>
          <line num="134" count="9" type="cond" truecount="2" falsecount="0"/>
          <line num="135" count="4" type="stmt"/>
          <line num="140" count="5" type="stmt"/>
          <line num="141" count="4" type="stmt"/>
          <line num="142" count="4" type="cond" truecount="2" falsecount="0"/>
          <line num="146" count="2" type="cond" truecount="1" falsecount="1"/>
          <line num="147" count="2" type="stmt"/>
          <line num="152" count="2" type="cond" truecount="1" falsecount="1"/>
          <line num="153" count="2" type="stmt"/>
          <line num="155" count="2" type="stmt"/>
          <line num="158" count="5" type="cond" truecount="2" falsecount="0"/>
          <line num="159" count="2" type="stmt"/>
          <line num="164" count="3" type="stmt"/>
          <line num="165" count="4" type="stmt"/>
          <line num="166" count="4" type="stmt"/>
          <line num="170" count="4" type="cond" truecount="2" falsecount="0"/>
          <line num="171" count="1" type="stmt"/>
          <line num="172" count="1" type="cond" truecount="1" falsecount="1"/>
          <line num="173" count="1" type="stmt"/>
          <line num="180" count="3" type="stmt"/>
          <line num="181" count="2" type="stmt"/>
          <line num="182" count="2" type="stmt"/>
          <line num="186" count="2" type="cond" truecount="1" falsecount="1"/>
          <line num="187" count="2" type="stmt"/>
          <line num="188" count="2" type="cond" truecount="1" falsecount="1"/>
          <line num="189" count="2" type="stmt"/>
          <line num="196" count="3" type="stmt"/>
          <line num="197" count="4" type="stmt"/>
          <line num="201" count="4" type="stmt"/>
          <line num="205" count="4" type="cond" truecount="1" falsecount="1"/>
          <line num="206" count="4" type="stmt"/>
          <line num="211" count="4" type="stmt"/>
          <line num="213" count="3" type="stmt"/>
          <line num="215" count="3" type="stmt"/>
          <line num="219" count="22" type="cond" truecount="2" falsecount="0"/>
          <line num="220" count="1" type="stmt"/>
          <line num="222" count="21" type="cond" truecount="4" falsecount="0"/>
          <line num="224" count="3" type="stmt"/>
          <line num="226" count="18" type="stmt"/>
          <line num="230" count="18" type="stmt"/>
          <line num="231" count="18" type="stmt"/>
          <line num="232" count="18" type="cond" truecount="2" falsecount="0"/>
          <line num="233" count="1" type="stmt"/>
          <line num="235" count="17" type="cond" truecount="2" falsecount="0"/>
          <line num="236" count="3" type="stmt"/>
          <line num="239" count="14" type="stmt"/>
          <line num="243" count="14" type="stmt"/>
          <line num="244" count="2" type="stmt"/>
          <line num="245" count="2" type="cond" truecount="2" falsecount="0"/>
          <line num="249" count="1" type="cond" truecount="1" falsecount="1"/>
          <line num="250" count="1" type="stmt"/>
          <line num="255" count="1" type="cond" truecount="1" falsecount="1"/>
          <line num="256" count="1" type="stmt"/>
          <line num="258" count="1" type="stmt"/>
          <line num="261" count="14" type="cond" truecount="2" falsecount="0"/>
          <line num="262" count="1" type="stmt"/>
          <line num="267" count="13" type="stmt"/>
          <line num="268" count="6" type="stmt"/>
          <line num="269" count="6" type="cond" truecount="2" falsecount="0"/>
          <line num="273" count="3" type="cond" truecount="2" falsecount="0"/>
          <line num="274" count="2" type="stmt"/>
          <line num="279" count="3" type="cond" truecount="2" falsecount="0"/>
          <line num="280" count="2" type="stmt"/>
          <line num="282" count="3" type="stmt"/>
          <line num="285" count="13" type="cond" truecount="2" falsecount="0"/>
          <line num="286" count="2" type="stmt"/>
          <line num="291" count="11" type="stmt"/>
          <line num="292" count="1" type="stmt"/>
          <line num="293" count="1" type="stmt"/>
          <line num="297" count="1" type="cond" truecount="1" falsecount="1"/>
          <line num="298" count="1" type="stmt"/>
          <line num="299" count="1" type="cond" truecount="1" falsecount="1"/>
          <line num="300" count="1" type="stmt"/>
          <line num="307" count="11" type="stmt"/>
          <line num="308" count="2" type="stmt"/>
          <line num="309" count="2" type="stmt"/>
          <line num="313" count="2" type="cond" truecount="1" falsecount="1"/>
          <line num="314" count="2" type="stmt"/>
          <line num="315" count="2" type="cond" truecount="1" falsecount="1"/>
          <line num="316" count="2" type="stmt"/>
          <line num="323" count="11" type="stmt"/>
          <line num="324" count="11" type="stmt"/>
          <line num="328" count="11" type="cond" truecount="2" falsecount="0"/>
          <line num="329" count="2" type="stmt"/>
          <line num="331" count="9" type="stmt"/>
          <line num="335" count="9" type="cond" truecount="2" falsecount="0"/>
          <line num="336" count="1" type="stmt"/>
          <line num="337" count="1" type="stmt"/>
          <line num="338" count="1" type="stmt"/>
          <line num="341" count="9" type="cond" truecount="2" falsecount="0"/>
          <line num="342" count="1" type="stmt"/>
          <line num="343" count="1" type="stmt"/>
          <line num="344" count="1" type="stmt"/>
          <line num="347" count="9" type="cond" truecount="2" falsecount="0"/>
          <line num="348" count="1" type="stmt"/>
          <line num="349" count="1" type="stmt"/>
          <line num="350" count="1" type="stmt"/>
          <line num="353" count="9" type="cond" truecount="2" falsecount="0"/>
          <line num="354" count="1" type="stmt"/>
          <line num="355" count="1" type="stmt"/>
          <line num="356" count="1" type="stmt"/>
          <line num="360" count="9" type="stmt"/>
          <line num="362" count="3" type="stmt"/>
          <line num="366" count="18" type="cond" truecount="2" falsecount="0"/>
          <line num="367" count="1" type="stmt"/>
          <line num="369" count="17" type="cond" truecount="2" falsecount="0"/>
          <line num="371" count="3" type="stmt"/>
          <line num="374" count="14" type="stmt"/>
          <line num="378" count="14" type="stmt"/>
          <line num="379" count="2" type="stmt"/>
          <line num="380" count="2" type="cond" truecount="2" falsecount="0"/>
          <line num="384" count="1" type="cond" truecount="1" falsecount="1"/>
          <line num="385" count="1" type="stmt"/>
          <line num="390" count="1" type="cond" truecount="1" falsecount="1"/>
          <line num="391" count="1" type="stmt"/>
          <line num="393" count="1" type="stmt"/>
          <line num="396" count="14" type="cond" truecount="2" falsecount="0"/>
          <line num="397" count="1" type="stmt"/>
          <line num="402" count="13" type="stmt"/>
          <line num="403" count="2" type="stmt"/>
          <line num="404" count="2" type="cond" truecount="2" falsecount="0"/>
          <line num="408" count="1" type="cond" truecount="1" falsecount="1"/>
          <line num="409" count="1" type="stmt"/>
          <line num="414" count="1" type="cond" truecount="1" falsecount="1"/>
          <line num="415" count="1" type="stmt"/>
          <line num="417" count="1" type="stmt"/>
          <line num="420" count="13" type="cond" truecount="2" falsecount="0"/>
          <line num="421" count="1" type="stmt"/>
          <line num="426" count="12" type="stmt"/>
          <line num="427" count="1" type="stmt"/>
          <line num="428" count="1" type="stmt"/>
          <line num="432" count="1" type="cond" truecount="1" falsecount="1"/>
          <line num="433" count="1" type="stmt"/>
          <line num="434" count="1" type="cond" truecount="1" falsecount="1"/>
          <line num="435" count="1" type="stmt"/>
          <line num="442" count="12" type="stmt"/>
          <line num="443" count="1" type="stmt"/>
          <line num="444" count="1" type="stmt"/>
          <line num="445" count="1" type="cond" truecount="1" falsecount="1"/>
          <line num="446" count="1" type="stmt"/>
          <line num="447" count="1" type="cond" truecount="1" falsecount="1"/>
          <line num="448" count="1" type="stmt"/>
          <line num="455" count="12" type="cond" truecount="2" falsecount="0"/>
          <line num="456" count="2" type="stmt"/>
          <line num="459" count="10" type="stmt"/>
          <line num="463" count="10" type="cond" truecount="2" falsecount="0"/>
          <line num="464" count="2" type="stmt"/>
          <line num="465" count="2" type="stmt"/>
          <line num="466" count="2" type="stmt"/>
          <line num="469" count="10" type="cond" truecount="2" falsecount="0"/>
          <line num="470" count="2" type="stmt"/>
          <line num="471" count="2" type="stmt"/>
          <line num="472" count="2" type="stmt"/>
          <line num="475" count="10" type="cond" truecount="2" falsecount="0"/>
          <line num="476" count="1" type="stmt"/>
          <line num="477" count="1" type="stmt"/>
          <line num="478" count="1" type="stmt"/>
          <line num="481" count="10" type="cond" truecount="2" falsecount="0"/>
          <line num="482" count="1" type="stmt"/>
          <line num="483" count="1" type="stmt"/>
          <line num="484" count="1" type="stmt"/>
          <line num="487" count="10" type="stmt"/>
          <line num="489" count="3" type="stmt"/>
          <line num="493" count="10" type="cond" truecount="2" falsecount="0"/>
          <line num="494" count="1" type="stmt"/>
          <line num="496" count="9" type="cond" truecount="4" falsecount="0"/>
          <line num="498" count="4" type="stmt"/>
          <line num="500" count="5" type="stmt"/>
          <line num="501" count="5" type="stmt"/>
          <line num="505" count="5" type="stmt"/>
          <line num="506" count="5" type="stmt"/>
          <line num="507" count="5" type="cond" truecount="2" falsecount="0"/>
          <line num="511" count="3" type="cond" truecount="1" falsecount="1"/>
          <line num="512" count="3" type="stmt"/>
          <line num="517" count="3" type="cond" truecount="1" falsecount="1"/>
          <line num="518" count="3" type="stmt"/>
          <line num="520" count="3" type="stmt"/>
          <line num="523" count="5" type="cond" truecount="2" falsecount="0"/>
          <line num="524" count="3" type="stmt"/>
          <line num="529" count="2" type="stmt"/>
          <line num="530" count="2" type="stmt"/>
          <line num="531" count="2" type="cond" truecount="2" falsecount="0"/>
          <line num="535" count="1" type="cond" truecount="1" falsecount="1"/>
          <line num="536" count="1" type="stmt"/>
          <line num="541" count="1" type="cond" truecount="1" falsecount="1"/>
          <line num="542" count="1" type="stmt"/>
          <line num="544" count="1" type="stmt"/>
          <line num="547" count="2" type="cond" truecount="2" falsecount="0"/>
          <line num="548" count="1" type="stmt"/>
          <line num="553" count="1" type="stmt"/>
          <line num="554" count="1" type="stmt"/>
          <line num="555" count="1" type="stmt"/>
          <line num="559" count="1" type="cond" truecount="1" falsecount="1"/>
          <line num="560" count="1" type="stmt"/>
          <line num="561" count="1" type="cond" truecount="1" falsecount="1"/>
          <line num="562" count="1" type="stmt"/>
          <line num="569" count="1" type="stmt"/>
          <line num="570" count="1" type="stmt"/>
          <line num="571" count="1" type="stmt"/>
          <line num="575" count="1" type="cond" truecount="1" falsecount="1"/>
          <line num="576" count="1" type="stmt"/>
          <line num="577" count="1" type="cond" truecount="1" falsecount="1"/>
          <line num="578" count="1" type="stmt"/>
          <line num="585" count="1" type="stmt"/>
          <line num="586" count="1" type="stmt"/>
          <line num="590" count="1" type="stmt"/>
          <line num="591" count="1" type="cond" truecount="3" falsecount="1"/>
          <line num="592" count="1" type="stmt"/>
          <line num="597" count="1" type="cond" truecount="1" falsecount="1"/>
          <line num="598" count="1" type="stmt"/>
          <line num="603" count="1" type="stmt"/>
          <line num="605" count="1" type="stmt"/>
          <line num="607" count="3" type="stmt"/>
          <line num="608" count="34" type="cond" truecount="2" falsecount="0"/>
          <line num="609" count="1" type="stmt"/>
          <line num="612" count="33" type="stmt"/>
          <line num="615" count="3" type="stmt"/>
          <line num="616" count="26" type="cond" truecount="2" falsecount="0"/>
          <line num="617" count="26" type="cond" truecount="2" falsecount="0"/>
          <line num="618" count="18" type="stmt"/>
          <line num="620" count="26" type="cond" truecount="2" falsecount="0"/>
          <line num="621" count="23" type="stmt"/>
          <line num="623" count="26" type="cond" truecount="2" falsecount="0"/>
          <line num="624" count="20" type="stmt"/>
          <line num="626" count="26" type="stmt"/>
          <line num="627" count="26" type="stmt"/>
          <line num="628" count="26" type="cond" truecount="2" falsecount="0"/>
          <line num="629" count="7" type="stmt"/>
          <line num="632" count="3" type="stmt"/>
          <line num="634" count="3" type="stmt"/>
        </file>
      </package>
      <package name="src.middleware">
        <metrics statements="24" coveredstatements="24" conditionals="14" coveredconditionals="13" methods="3" coveredmethods="3"/>
        <file name="index.ts" path="C:\Users\short\Documents\work\bytesize\leverage\src\middleware\index.ts">
          <metrics statements="3" coveredstatements="3" conditionals="2" coveredconditionals="1" methods="1" coveredmethods="1"/>
          <line num="3" count="3" type="cond" truecount="1" falsecount="1"/>
          <line num="5" count="3" type="stmt"/>
          <line num="6" count="3" type="stmt"/>
        </file>
        <file name="middleware.ts" path="C:\Users\short\Documents\work\bytesize\leverage\src\middleware\middleware.ts">
          <metrics statements="21" coveredstatements="21" conditionals="12" coveredconditionals="12" methods="2" coveredmethods="2"/>
          <line num="2" count="4" type="stmt"/>
          <line num="8" count="10" type="cond" truecount="2" falsecount="0"/>
          <line num="10" count="1" type="stmt"/>
          <line num="14" count="1" type="stmt"/>
          <line num="19" count="9" type="cond" truecount="2" falsecount="0"/>
          <line num="20" count="1" type="stmt"/>
          <line num="21" count="1" type="stmt"/>
          <line num="25" count="1" type="stmt"/>
          <line num="30" count="8" type="cond" truecount="2" falsecount="0"/>
          <line num="31" count="3" type="stmt"/>
          <line num="33" count="5" type="cond" truecount="2" falsecount="0"/>
          <line num="34" count="1" type="stmt"/>
          <line num="36" count="4" type="cond" truecount="4" falsecount="0"/>
          <line num="37" count="2" type="stmt"/>
          <line num="44" count="2" type="stmt"/>
          <line num="52" count="1" type="stmt"/>
          <line num="53" count="1" type="stmt"/>
          <line num="57" count="1" type="stmt"/>
          <line num="58" count="1" type="stmt"/>
          <line num="60" count="2" type="stmt"/>
          <line num="62" count="4" type="stmt"/>
        </file>
      </package>
      <package name="src.plugin">
        <metrics statements="24" coveredstatements="24" conditionals="14" coveredconditionals="13" methods="3" coveredmethods="3"/>
        <file name="index.ts" path="C:\Users\short\Documents\work\bytesize\leverage\src\plugin\index.ts">
          <metrics statements="3" coveredstatements="3" conditionals="2" coveredconditionals="1" methods="1" coveredmethods="1"/>
          <line num="3" count="3" type="cond" truecount="1" falsecount="1"/>
          <line num="5" count="3" type="stmt"/>
          <line num="6" count="3" type="stmt"/>
        </file>
        <file name="plugin.ts" path="C:\Users\short\Documents\work\bytesize\leverage\src\plugin\plugin.ts">
          <metrics statements="21" coveredstatements="21" conditionals="12" coveredconditionals="12" methods="2" coveredmethods="2"/>
          <line num="2" count="4" type="stmt"/>
          <line num="8" count="10" type="cond" truecount="2" falsecount="0"/>
          <line num="10" count="1" type="stmt"/>
          <line num="14" count="1" type="stmt"/>
          <line num="19" count="9" type="cond" truecount="2" falsecount="0"/>
          <line num="20" count="1" type="stmt"/>
          <line num="21" count="1" type="stmt"/>
          <line num="25" count="1" type="stmt"/>
          <line num="30" count="8" type="cond" truecount="2" falsecount="0"/>
          <line num="31" count="3" type="stmt"/>
          <line num="33" count="5" type="cond" truecount="2" falsecount="0"/>
          <line num="34" count="1" type="stmt"/>
          <line num="36" count="4" type="cond" truecount="4" falsecount="0"/>
          <line num="37" count="2" type="stmt"/>
          <line num="44" count="2" type="stmt"/>
          <line num="52" count="1" type="stmt"/>
          <line num="53" count="1" type="stmt"/>
          <line num="57" count="1" type="stmt"/>
          <line num="58" count="1" type="stmt"/>
          <line num="60" count="2" type="stmt"/>
          <line num="62" count="4" type="stmt"/>
        </file>
      </package>
      <package name="src.service">
        <metrics statements="24" coveredstatements="24" conditionals="12" coveredconditionals="11" methods="3" coveredmethods="3"/>
        <file name="index.ts" path="C:\Users\short\Documents\work\bytesize\leverage\src\service\index.ts">
          <metrics statements="3" coveredstatements="3" conditionals="2" coveredconditionals="1" methods="1" coveredmethods="1"/>
          <line num="3" count="3" type="cond" truecount="1" falsecount="1"/>
          <line num="5" count="3" type="stmt"/>
          <line num="6" count="3" type="stmt"/>
        </file>
        <file name="service.ts" path="C:\Users\short\Documents\work\bytesize\leverage\src\service\service.ts">
          <metrics statements="21" coveredstatements="21" conditionals="10" coveredconditionals="10" methods="2" coveredmethods="2"/>
          <line num="2" count="4" type="stmt"/>
          <line num="8" count="10" type="cond" truecount="2" falsecount="0"/>
          <line num="10" count="1" type="stmt"/>
          <line num="14" count="1" type="stmt"/>
          <line num="19" count="9" type="cond" truecount="2" falsecount="0"/>
          <line num="20" count="1" type="stmt"/>
          <line num="21" count="1" type="stmt"/>
          <line num="25" count="1" type="stmt"/>
          <line num="30" count="8" type="cond" truecount="2" falsecount="0"/>
          <line num="31" count="3" type="stmt"/>
          <line num="33" count="5" type="cond" truecount="2" falsecount="0"/>
          <line num="34" count="1" type="stmt"/>
          <line num="36" count="4" type="cond" truecount="2" falsecount="0"/>
          <line num="37" count="2" type="stmt"/>
          <line num="42" count="2" type="stmt"/>
          <line num="50" count="1" type="stmt"/>
          <line num="51" count="1" type="stmt"/>
          <line num="55" count="1" type="stmt"/>
          <line num="56" count="1" type="stmt"/>
          <line num="58" count="2" type="stmt"/>
          <line num="60" count="4" type="stmt"/>
        </file>
      </package>
    </metrics>
  </project>
</coverage>
