TN:
SF:C:\Users\short\Documents\work\bytesize\leverage\src\index.ts
FN:2,__export
FNF:1
FNH:1
FNDA:10,__export
DA:3,10
DA:5,2
DA:6,2
DA:7,2
DA:8,2
DA:9,2
DA:10,2
LF:7
LH:7
BRDA:3,0,0,10
BRDA:3,0,1,0
BRF:2
BRH:1
end_of_record
TN:
SF:C:\Users\short\Documents\work\bytesize\leverage\src\component\component.ts
FN:3,Component
FN:48,decorator
FNF:2
FNH:2
FNDA:11,Component
FNDA:2,decorator
DA:2,4
DA:8,11
DA:10,1
DA:14,1
DA:19,10
DA:20,1
DA:21,1
DA:25,1
DA:30,9
DA:31,3
DA:33,6
DA:34,1
DA:36,5
DA:37,2
DA:44,3
DA:52,2
DA:53,2
DA:57,2
DA:58,2
DA:60,3
DA:62,4
LF:21
LH:21
BRDA:8,0,0,1
BRDA:8,0,1,10
BRDA:19,1,0,1
BRDA:19,1,1,9
BRDA:30,2,0,3
BRDA:30,2,1,6
BRDA:33,3,0,1
BRDA:33,3,1,5
BRDA:36,4,0,2
BRDA:36,4,1,3
BRDA:36,5,0,5
BRDA:36,5,1,2
BRF:12
BRH:12
end_of_record
TN:
SF:C:\Users\short\Documents\work\bytesize\leverage\src\component\index.ts
FN:2,__export
FNF:1
FNH:1
FNDA:3,__export
DA:3,3
DA:5,3
DA:6,3
LF:3
LH:3
BRDA:3,0,0,3
BRDA:3,0,1,0
BRF:2
BRH:1
end_of_record
TN:
SF:C:\Users\short\Documents\work\bytesize\leverage\src\manager\index.ts
FN:2,__export
FNF:1
FNH:1
FNDA:3,__export
DA:3,3
DA:5,3
DA:6,3
LF:3
LH:3
BRDA:3,0,0,3
BRDA:3,0,1,0
BRF:2
BRH:1
end_of_record
TN:
SF:C:\Users\short\Documents\work\bytesize\leverage\src\manager\manager.ts
FN:3,(anonymous_0)
FN:4,Manager
FN:34,(anonymous_2)
FN:100,(anonymous_3)
FN:215,(anonymous_4)
FN:362,(anonymous_5)
FN:489,(anonymous_6)
FN:607,(anonymous_7)
FN:615,(anonymous_8)
FNF:9
FNH:9
FNDA:3,(anonymous_0)
FNDA:29,Manager
FNDA:36,(anonymous_2)
FNDA:12,(anonymous_3)
FNDA:22,(anonymous_4)
FNDA:18,(anonymous_5)
FNDA:10,(anonymous_6)
FNDA:34,(anonymous_7)
FNDA:26,(anonymous_8)
DA:2,3
DA:3,3
DA:5,29
DA:12,29
DA:19,29
DA:26,29
DA:34,3
DA:35,36
DA:36,36
DA:37,36
DA:39,36
DA:40,36
DA:44,36
DA:45,2
DA:50,34
DA:54,34
DA:55,2
DA:60,32
DA:62,4
DA:64,28
DA:66,2
DA:71,26
DA:72,7
DA:75,19
DA:80,26
DA:82,10
DA:83,8
DA:85,8
DA:86,8
DA:88,5
DA:89,5
DA:91,2
DA:92,2
DA:95,1
DA:100,3
DA:104,12
DA:105,1
DA:107,11
DA:109,2
DA:111,9
DA:112,9
DA:116,9
DA:117,10
DA:118,10
DA:122,4
DA:123,4
DA:128,4
DA:129,4
DA:131,4
DA:134,9
DA:135,4
DA:140,5
DA:141,4
DA:142,4
DA:146,2
DA:147,2
DA:152,2
DA:153,2
DA:155,2
DA:158,5
DA:159,2
DA:164,3
DA:165,4
DA:166,4
DA:170,4
DA:171,1
DA:172,1
DA:173,1
DA:180,3
DA:181,2
DA:182,2
DA:186,2
DA:187,2
DA:188,2
DA:189,2
DA:196,3
DA:197,4
DA:201,4
DA:205,4
DA:206,4
DA:211,4
DA:213,3
DA:215,3
DA:219,22
DA:220,1
DA:222,21
DA:224,3
DA:226,18
DA:230,18
DA:231,18
DA:232,18
DA:233,1
DA:235,17
DA:236,3
DA:239,14
DA:243,14
DA:244,2
DA:245,2
DA:249,1
DA:250,1
DA:255,1
DA:256,1
DA:258,1
DA:261,14
DA:262,1
DA:267,13
DA:268,6
DA:269,6
DA:273,3
DA:274,2
DA:279,3
DA:280,2
DA:282,3
DA:285,13
DA:286,2
DA:291,11
DA:292,1
DA:293,1
DA:297,1
DA:298,1
DA:299,1
DA:300,1
DA:307,11
DA:308,2
DA:309,2
DA:313,2
DA:314,2
DA:315,2
DA:316,2
DA:323,11
DA:324,11
DA:328,11
DA:329,2
DA:331,9
DA:335,9
DA:336,1
DA:337,1
DA:338,1
DA:341,9
DA:342,1
DA:343,1
DA:344,1
DA:347,9
DA:348,1
DA:349,1
DA:350,1
DA:353,9
DA:354,1
DA:355,1
DA:356,1
DA:360,9
DA:362,3
DA:366,18
DA:367,1
DA:369,17
DA:371,3
DA:374,14
DA:378,14
DA:379,2
DA:380,2
DA:384,1
DA:385,1
DA:390,1
DA:391,1
DA:393,1
DA:396,14
DA:397,1
DA:402,13
DA:403,2
DA:404,2
DA:408,1
DA:409,1
DA:414,1
DA:415,1
DA:417,1
DA:420,13
DA:421,1
DA:426,12
DA:427,1
DA:428,1
DA:432,1
DA:433,1
DA:434,1
DA:435,1
DA:442,12
DA:443,1
DA:444,1
DA:445,1
DA:446,1
DA:447,1
DA:448,1
DA:455,12
DA:456,2
DA:459,10
DA:463,10
DA:464,2
DA:465,2
DA:466,2
DA:469,10
DA:470,2
DA:471,2
DA:472,2
DA:475,10
DA:476,1
DA:477,1
DA:478,1
DA:481,10
DA:482,1
DA:483,1
DA:484,1
DA:487,10
DA:489,3
DA:493,10
DA:494,1
DA:496,9
DA:498,4
DA:500,5
DA:501,5
DA:505,5
DA:506,5
DA:507,5
DA:511,3
DA:512,3
DA:517,3
DA:518,3
DA:520,3
DA:523,5
DA:524,3
DA:529,2
DA:530,2
DA:531,2
DA:535,1
DA:536,1
DA:541,1
DA:542,1
DA:544,1
DA:547,2
DA:548,1
DA:553,1
DA:554,1
DA:555,1
DA:559,1
DA:560,1
DA:561,1
DA:562,1
DA:569,1
DA:570,1
DA:571,1
DA:575,1
DA:576,1
DA:577,1
DA:578,1
DA:585,1
DA:586,1
DA:590,1
DA:591,1
DA:592,1
DA:597,1
DA:598,1
DA:603,1
DA:605,1
DA:607,3
DA:608,34
DA:609,1
DA:612,33
DA:615,3
DA:616,26
DA:617,26
DA:618,18
DA:620,26
DA:621,23
DA:623,26
DA:624,20
DA:626,26
DA:627,26
DA:628,26
DA:629,7
DA:632,3
DA:634,3
LF:279
LH:279
BRDA:44,0,0,2
BRDA:44,0,1,34
BRDA:44,1,0,36
BRDA:44,1,1,3
BRDA:54,2,0,2
BRDA:54,2,1,32
BRDA:60,3,0,4
BRDA:60,3,1,28
BRDA:64,4,0,2
BRDA:64,4,1,26
BRDA:71,5,0,7
BRDA:71,5,1,19
BRDA:71,6,0,26
BRDA:71,6,1,21
BRDA:80,7,0,10
BRDA:80,7,1,8
BRDA:80,7,2,5
BRDA:80,7,3,2
BRDA:80,7,4,1
BRDA:104,8,0,1
BRDA:104,8,1,11
BRDA:107,9,0,2
BRDA:107,9,1,9
BRDA:107,10,0,11
BRDA:107,10,1,3
BRDA:118,11,0,4
BRDA:118,11,1,6
BRDA:122,12,0,4
BRDA:122,12,1,0
BRDA:128,13,0,4
BRDA:128,13,1,0
BRDA:134,14,0,4
BRDA:134,14,1,5
BRDA:142,15,0,2
BRDA:142,15,1,2
BRDA:146,16,0,2
BRDA:146,16,1,0
BRDA:152,17,0,2
BRDA:152,17,1,0
BRDA:158,18,0,2
BRDA:158,18,1,3
BRDA:170,19,0,1
BRDA:170,19,1,3
BRDA:172,20,0,1
BRDA:172,20,1,0
BRDA:186,21,0,2
BRDA:186,21,1,0
BRDA:188,22,0,2
BRDA:188,22,1,0
BRDA:205,23,0,4
BRDA:205,23,1,0
BRDA:219,24,0,1
BRDA:219,24,1,21
BRDA:222,25,0,3
BRDA:222,25,1,18
BRDA:222,26,0,21
BRDA:222,26,1,3
BRDA:232,27,0,1
BRDA:232,27,1,17
BRDA:235,28,0,3
BRDA:235,28,1,14
BRDA:245,29,0,1
BRDA:245,29,1,1
BRDA:249,30,0,1
BRDA:249,30,1,0
BRDA:255,31,0,1
BRDA:255,31,1,0
BRDA:261,32,0,1
BRDA:261,32,1,13
BRDA:269,33,0,3
BRDA:269,33,1,3
BRDA:273,34,0,2
BRDA:273,34,1,1
BRDA:279,35,0,2
BRDA:279,35,1,1
BRDA:285,36,0,2
BRDA:285,36,1,11
BRDA:297,37,0,1
BRDA:297,37,1,0
BRDA:299,38,0,1
BRDA:299,38,1,0
BRDA:313,39,0,2
BRDA:313,39,1,0
BRDA:315,40,0,2
BRDA:315,40,1,0
BRDA:328,41,0,2
BRDA:328,41,1,9
BRDA:335,42,0,1
BRDA:335,42,1,8
BRDA:341,43,0,1
BRDA:341,43,1,8
BRDA:347,44,0,1
BRDA:347,44,1,8
BRDA:353,45,0,1
BRDA:353,45,1,8
BRDA:366,46,0,1
BRDA:366,46,1,17
BRDA:369,47,0,3
BRDA:369,47,1,14
BRDA:380,48,0,1
BRDA:380,48,1,1
BRDA:384,49,0,1
BRDA:384,49,1,0
BRDA:390,50,0,1
BRDA:390,50,1,0
BRDA:396,51,0,1
BRDA:396,51,1,13
BRDA:404,52,0,1
BRDA:404,52,1,1
BRDA:408,53,0,1
BRDA:408,53,1,0
BRDA:414,54,0,1
BRDA:414,54,1,0
BRDA:420,55,0,1
BRDA:420,55,1,12
BRDA:432,56,0,1
BRDA:432,56,1,0
BRDA:434,57,0,1
BRDA:434,57,1,0
BRDA:445,58,0,1
BRDA:445,58,1,0
BRDA:447,59,0,1
BRDA:447,59,1,0
BRDA:455,60,0,2
BRDA:455,60,1,10
BRDA:463,61,0,2
BRDA:463,61,1,8
BRDA:469,62,0,2
BRDA:469,62,1,8
BRDA:475,63,0,1
BRDA:475,63,1,9
BRDA:481,64,0,1
BRDA:481,64,1,9
BRDA:493,65,0,1
BRDA:493,65,1,9
BRDA:496,66,0,4
BRDA:496,66,1,5
BRDA:496,67,0,9
BRDA:496,67,1,4
BRDA:507,68,0,3
BRDA:507,68,1,2
BRDA:511,69,0,3
BRDA:511,69,1,0
BRDA:517,70,0,3
BRDA:517,70,1,0
BRDA:523,71,0,3
BRDA:523,71,1,2
BRDA:531,72,0,1
BRDA:531,72,1,1
BRDA:535,73,0,1
BRDA:535,73,1,0
BRDA:541,74,0,1
BRDA:541,74,1,0
BRDA:547,75,0,1
BRDA:547,75,1,1
BRDA:559,76,0,1
BRDA:559,76,1,0
BRDA:561,77,0,1
BRDA:561,77,1,0
BRDA:575,78,0,1
BRDA:575,78,1,0
BRDA:577,79,0,1
BRDA:577,79,1,0
BRDA:591,80,0,1
BRDA:591,80,1,0
BRDA:591,81,0,1
BRDA:591,81,1,1
BRDA:597,82,0,1
BRDA:597,82,1,0
BRDA:608,83,0,1
BRDA:608,83,1,33
BRDA:616,84,0,19
BRDA:616,84,1,7
BRDA:617,85,0,18
BRDA:617,85,1,8
BRDA:620,86,0,23
BRDA:620,86,1,3
BRDA:623,87,0,20
BRDA:623,87,1,6
BRDA:628,88,0,7
BRDA:628,88,1,19
BRF:181
BRH:149
end_of_record
TN:
SF:C:\Users\short\Documents\work\bytesize\leverage\src\middleware\index.ts
FN:2,__export
FNF:1
FNH:1
FNDA:3,__export
DA:3,3
DA:5,3
DA:6,3
LF:3
LH:3
BRDA:3,0,0,3
BRDA:3,0,1,0
BRF:2
BRH:1
end_of_record
TN:
SF:C:\Users\short\Documents\work\bytesize\leverage\src\middleware\middleware.ts
FN:3,Middleware
FN:48,decorator
FNF:2
FNH:2
FNDA:10,Middleware
FNDA:1,decorator
DA:2,4
DA:8,10
DA:10,1
DA:14,1
DA:19,9
DA:20,1
DA:21,1
DA:25,1
DA:30,8
DA:31,3
DA:33,5
DA:34,1
DA:36,4
DA:37,2
DA:44,2
DA:52,1
DA:53,1
DA:57,1
DA:58,1
DA:60,2
DA:62,4
LF:21
LH:21
BRDA:8,0,0,1
BRDA:8,0,1,9
BRDA:19,1,0,1
BRDA:19,1,1,8
BRDA:30,2,0,3
BRDA:30,2,1,5
BRDA:33,3,0,1
BRDA:33,3,1,4
BRDA:36,4,0,2
BRDA:36,4,1,2
BRDA:36,5,0,4
BRDA:36,5,1,2
BRF:12
BRH:12
end_of_record
TN:
SF:C:\Users\short\Documents\work\bytesize\leverage\src\plugin\index.ts
FN:2,__export
FNF:1
FNH:1
FNDA:3,__export
DA:3,3
DA:5,3
DA:6,3
LF:3
LH:3
BRDA:3,0,0,3
BRDA:3,0,1,0
BRF:2
BRH:1
end_of_record
TN:
SF:C:\Users\short\Documents\work\bytesize\leverage\src\plugin\plugin.ts
FN:3,Plugin
FN:48,decorator
FNF:2
FNH:2
FNDA:10,Plugin
FNDA:1,decorator
DA:2,4
DA:8,10
DA:10,1
DA:14,1
DA:19,9
DA:20,1
DA:21,1
DA:25,1
DA:30,8
DA:31,3
DA:33,5
DA:34,1
DA:36,4
DA:37,2
DA:44,2
DA:52,1
DA:53,1
DA:57,1
DA:58,1
DA:60,2
DA:62,4
LF:21
LH:21
BRDA:8,0,0,1
BRDA:8,0,1,9
BRDA:19,1,0,1
BRDA:19,1,1,8
BRDA:30,2,0,3
BRDA:30,2,1,5
BRDA:33,3,0,1
BRDA:33,3,1,4
BRDA:36,4,0,2
BRDA:36,4,1,2
BRDA:36,5,0,4
BRDA:36,5,1,2
BRF:12
BRH:12
end_of_record
TN:
SF:C:\Users\short\Documents\work\bytesize\leverage\src\service\index.ts
FN:2,__export
FNF:1
FNH:1
FNDA:3,__export
DA:3,3
DA:5,3
DA:6,3
LF:3
LH:3
BRDA:3,0,0,3
BRDA:3,0,1,0
BRF:2
BRH:1
end_of_record
TN:
SF:C:\Users\short\Documents\work\bytesize\leverage\src\service\service.ts
FN:3,Service
FN:46,decorator
FNF:2
FNH:2
FNDA:10,Service
FNDA:1,decorator
DA:2,4
DA:8,10
DA:10,1
DA:14,1
DA:19,9
DA:20,1
DA:21,1
DA:25,1
DA:30,8
DA:31,3
DA:33,5
DA:34,1
DA:36,4
DA:37,2
DA:42,2
DA:50,1
DA:51,1
DA:55,1
DA:56,1
DA:58,2
DA:60,4
LF:21
LH:21
BRDA:8,0,0,1
BRDA:8,0,1,9
BRDA:19,1,0,1
BRDA:19,1,1,8
BRDA:30,2,0,3
BRDA:30,2,1,5
BRDA:33,3,0,1
BRDA:33,3,1,4
BRDA:36,4,0,2
BRDA:36,4,1,2
BRF:10
BRH:10
end_of_record
